yarn add v1.22.19
[1/4] Resolving packages...
warning @storybook/nextjs > @storybook/builder-webpack5 > fork-ts-checker-webpack-plugin > memfs@3.6.0: this will be v4
warning @storybook/nextjs > @storybook/builder-webpack5 > webpack-dev-middleware > memfs@3.6.0: this will be v4
[2/4] Fetching packages...
warning react-hook-form@7.49.2: The engine "pnpm" appears to be invalid.
[3/4] Linking dependencies...
warning "@storybook/nextjs > css-loader@6.9.0" has unmet peer dependency "webpack@^5.0.0".
warning "@storybook/nextjs > node-polyfill-webpack-plugin@2.0.1" has unmet peer dependency "webpack@>=5".
warning "@storybook/nextjs > postcss-loader@7.3.4" has unmet peer dependency "webpack@^5.0.0".
warning "@storybook/nextjs > style-loader@3.3.4" has unmet peer dependency "webpack@^5.0.0".
warning "@storybook/nextjs > sass-loader@12.6.0" has unmet peer dependency "webpack@^5.0.0".
[4/4] Building fresh packages...
error An unexpected error occurred: "D:\\projects\\blog\\client\\node_modules\\esbuild: Cannot find module 'pnpapi'
Require stack:
- C:\\Users\\Matvey\\AppData\\Local\\node\\corepack\\yarn\\1.22.19\\lib\\cli.js
- C:\\Users\\Matvey\\AppData\\Local\\node\\corepack\\yarn\\1.22.19\\bin\\yarn.js
Require stack:
- C:\\Users\\Matvey\\AppData\\Local\\node\\corepack\\yarn\\1.22.19\\lib\\cli.js
- C:\\Users\\Matvey\\AppData\\Local\\node\\corepack\\yarn\\1.22.19\\bin\\yarn.js".
info If you think this is a bug, please open a bug report with the information provided in "D:\\projects\\blog\\client\\yarn-error.log".
info Visit https://yarnpkg.com/en/docs/cli/add for documentation about this command.
